<?xml version="1.0" encoding="UTF-8"?>
<testsuites name="Mocha Tests" time="0.002" tests="3" failures="0">
  <testsuite name="Root Suite" timestamp="2016-01-24T12:21:22" tests="0" failures="0" time="0">
  </testsuite>
  <testsuite name="processor-test" timestamp="2016-01-24T12:21:22" tests="0" failures="0" time="0">
  </testsuite>
  <testsuite name="#getFieldNameToValueMap()" timestamp="2016-01-24T12:21:22" tests="2" failures="0" time="0.001">
    <testcase name="Root Suite processor-test #getFieldNameToValueMap() create map" time="0" classname="create map">
    </testcase>
    <testcase name="Root Suite processor-test #getFieldNameToValueMap() create map with empty values as input" time="0.001" classname="create map with empty values as input">
    </testcase>
  </testsuite>
  <testsuite name="#doParse()" timestamp="2016-01-24T12:21:22" tests="1" failures="0" time="0.001">
    <testcase name="Root Suite processor-test #doParse() parse json input" time="0.001" classname="parse json input">
    </testcase>
  </testsuite>
</testsuites>